C51 COMPILER V9.01   实验1：点亮LED灯                                                      01/16/2022 10:33:17 PAGE 1   


C51 COMPILER V9.01, COMPILATION OF MODULE 实验1：点亮LED灯
OBJECT MODULE PLACED IN 实验1：点亮LED灯.OBJ
COMPILER INVOKED BY: E:\实验室\1-KEILC51软件\C51\BIN\C51.EXE 实验1：点亮LED灯.c BROWSE DEBUG OBJECTEXTEND

line level    source

   1          #include <reg52.h>
   2          
   3          sbit LED=P2^0;  //他妈的竟然一晚上因为一个大小写浪费了时间，不过也还好，熟练了新建项目的过程，虽然会忘，以
             -及在解决这个问题的过程中搜到的一些问题及解决方法。不亏！
   4          
   5           void main()
   6          {
   7   1              while (1)
   8   1              {
   9   2                LED=0;
  10   2              }
  11   1      }


MODULE INFORMATION:   STATIC OVERLAYABLE
   CODE SIZE        =      4    ----
   CONSTANT SIZE    =   ----    ----
   XDATA SIZE       =   ----    ----
   PDATA SIZE       =   ----    ----
   DATA SIZE        =   ----    ----
   IDATA SIZE       =   ----    ----
   BIT SIZE         =   ----    ----
END OF MODULE INFORMATION.


C51 COMPILATION COMPLETE.  0 WARNING(S),  0 ERROR(S)
