C51 COMPILER V9.01   实验2：闪烁（延时）                                                   01/16/2022 12:26:08 PAGE 1   


C51 COMPILER V9.01, COMPILATION OF MODULE 实验2：闪烁（延时）
OBJECT MODULE PLACED IN 实验2：闪烁（延时）.OBJ
COMPILER INVOKED BY: E:\实验室\1-KEILC51软件\C51\BIN\C51.EXE 实验2：闪烁（延时）.c BROWSE DEBUG OBJECTEXTEND

line level    source

   1          #include <reg52.h>
   2          typedef unsigned char u8;
   3          typedef unsigned int u16;
   4          
   5          sbit LED=P2^0;
   6          
   7          void delay(u16 i)
   8          {
   9   1          while(i--);
  10   1      }
  11          
  12          void main()
  13          {
  14   1         while(1)
  15   1         {
  16   2                 LED=0;
  17   2                 delay(50000);
  18   2                 LED=1;
  19   2                 delay(50000);
  20   2         }
  21   1      }


MODULE INFORMATION:   STATIC OVERLAYABLE
   CODE SIZE        =     31    ----
   CONSTANT SIZE    =   ----    ----
   XDATA SIZE       =   ----    ----
   PDATA SIZE       =   ----    ----
   DATA SIZE        =   ----    ----
   IDATA SIZE       =   ----    ----
   BIT SIZE         =   ----    ----
END OF MODULE INFORMATION.


C51 COMPILATION COMPLETE.  0 WARNING(S),  0 ERROR(S)
